<?xml version="1.0" encoding="UTF-8"?>
<!-- Generated by org.testng.reporters.JUnitReportReporter -->
<testsuite skipped="0" hostname="LAPTOP-OMQFFG59" name="com.test.Maventes.testfirst" tests="1" failures="0" timestamp="20 Aug 2018 02:45:14 GMT" time="10.903" errors="0">
  <testcase name="f" time="10.903" classname="com.test.Maventes.testfirst"/>
</testsuite> <!-- com.test.Maventes.testfirst -->
