<?xml version="1.0" encoding="UTF-8"?>
<!-- Generated by org.testng.reporters.JUnitReportReporter -->
<testsuite skipped="0" hostname="LAPTOP-OMQFFG59" name="com.test.Maventes.NewTest" tests="1" failures="0" timestamp="02 Jul 2018 03:58:10 GMT" time="0.000" errors="0">
  <testcase name="f" time="0.000" classname="com.test.Maventes.NewTest"/>
</testsuite> <!-- com.test.Maventes.NewTest -->
